<?xml version="1.0" encoding="UTF-8"?>
<testsuite xmlns:xsi="http://www.w3.org/2001/XMLSchema-instance" xsi:noNamespaceSchemaLocation="https://maven.apache.org/surefire/maven-surefire-plugin/xsd/surefire-test-report-3.0.xsd" version="3.0" name="TestSuite" time="132.663" tests="1" errors="0" skipped="0" failures="1">
  <properties>
[...]
</properties>
  <testcase name="paypalCardinalComSingle3D" classname="com.fnoor.FundraisingTest.PAYPAL" time="128.716">
    <failure message="Expected condition failed: waiting for frame to be available: Cardinal-CCA-IFrame (tried for 30 second(s) with 500 milliseconds interval)&#10;Build info: version: &apos;3.141.59&apos;, revision: &apos;e82be7d358&apos;, time: &apos;2018-11-14T08:17:03&apos;&#10;System info: host: &apos;ip-192-168-4-165.us-east-2.compute.internal&apos;, ip: &apos;fe80:0:0:0:1c9e:ea31:5d7c:f2c0%en0&apos;, os.name: &apos;Mac OS X&apos;, os.arch: &apos;aarch64&apos;, os.version: &apos;12.2.1&apos;, java.version: &apos;17&apos;&#10;Driver info: org.openqa.selenium.chrome.ChromeDriver&#10;Capabilities {acceptInsecureCerts: false, browserName: chrome, browserVersion: 98.0.4758.109, chrome: {chromedriverVersion: 97.0.4692.71 (adefa7837d02a..., userDataDir: /var/folders/fx/6zl54gyd2qd...}, goog:chromeOptions: {debuggerAddress: localhost:52862}, javascriptEnabled: true, networkConnectionEnabled: false, pageLoadStrategy: normal, platform: MAC, platformName: MAC, proxy: Proxy(), setWindowRect: true, strictFileInteractability: false, timeouts: {implicit: 0, pageLoad: 300000, script: 30000}, unhandledPromptBehavior: dismiss and notify, webauthn:extension:credBlob: true, webauthn:extension:largeBlob: true, webauthn:virtualAuthenticators: true}&#10;Session ID: 04e1d1f23d5329e16c46a66010854e55" type="org.openqa.selenium.TimeoutException">org.openqa.selenium.TimeoutException: 
Expected condition failed: waiting for frame to be available: Cardinal-CCA-IFrame (tried for 30 second(s) with 500 milliseconds interval)
Build info: version: '3.141.59', revision: 'e82be7d358', time: '2018-11-14T08:17:03'
System info: host: 'ip-192-168-4-165.us-east-2.compute.internal', ip: 'fe80:0:0:0:1c9e:ea31:5d7c:f2c0%en0', os.name: 'Mac OS X', os.arch: 'aarch64', os.version: '12.2.1', java.version: '17'
Driver info: org.openqa.selenium.chrome.ChromeDriver
Capabilities {acceptInsecureCerts: false, browserName: chrome, browserVersion: 98.0.4758.109, chrome: {chromedriverVersion: 97.0.4692.71 (adefa7837d02a..., userDataDir: /var/folders/fx/6zl54gyd2qd...}, goog:chromeOptions: {debuggerAddress: localhost:52862}, javascriptEnabled: true, networkConnectionEnabled: false, pageLoadStrategy: normal, platform: MAC, platformName: MAC, proxy: Proxy(), setWindowRect: true, strictFileInteractability: false, timeouts: {implicit: 0, pageLoad: 300000, script: 30000}, unhandledPromptBehavior: dismiss and notify, webauthn:extension:credBlob: true, webauthn:extension:largeBlob: true, webauthn:virtualAuthenticators: true}
Session ID: 04e1d1f23d5329e16c46a66010854e55
	at com.fnoor.FundraisingTest.PAYPAL.paypalCardinalComSingle3D(PAYPAL.java:367)
</failure>
    <system-out><![CDATA[RESPONSE as String: {"expires":3600000,"ens-auth-token":"03b164a6-8ef4-4ab9-985a-6692ca7565f8"}
ens-auth-token: 03b164a6-8ef4-4ab9-985a-6692ca7565f8
]]></system-out>
    <system-err><![CDATA[Starting ChromeDriver 97.0.4692.71 (adefa7837d02a07a604c1e6eff0b3a09422ab88d-refs/branch-heads/4692@{#1247}) on port 35493
Only local connections are allowed.
Please see https://chromedriver.chromium.org/security-considerations for suggestions on keeping ChromeDriver safe.
ChromeDriver was started successfully.
[1646346032.171][WARNING]: Deprecated chrome option is ignored: useAutomationExtension
[1646346032.172][WARNING]: Deprecated chrome option is ignored: useAutomationExtension
[1646346034.535][WARNING]: This version of ChromeDriver has not been tested with Chrome version 98.
Mar 03, 2022 5:20:35 PM org.openqa.selenium.remote.ProtocolHandshake createSession
INFO: Detected dialect: W3C
Mar 03, 2022 5:20:36 PM org.apache.http.client.protocol.ResponseProcessCookies processCookies
WARNING: Invalid cookie header: "Set-Cookie: AWSALBTG=KGXd5+R681lSWULG73O3xab0xIWYc9PISwxj84Uqja5MQdghNNr9d8HXGwhLQ6ou0PaS8CurMW+Kbybn+eNMJjKk2B0o2ZJ/67mRehwccHZLIHsiojaNbtr5YOlmmL0dhyBFrCAWxkFU8QyLbtdFbyM0uhnZCCsRXS+N8NO1mhuM; Expires=Thu, 10 Mar 2022 22:20:35 GMT; Path=/". Invalid 'expires' attribute: Thu, 10 Mar 2022 22:20:35 GMT
Mar 03, 2022 5:20:36 PM org.apache.http.client.protocol.ResponseProcessCookies processCookies
WARNING: Invalid cookie header: "Set-Cookie: AWSALBTGCORS=KGXd5+R681lSWULG73O3xab0xIWYc9PISwxj84Uqja5MQdghNNr9d8HXGwhLQ6ou0PaS8CurMW+Kbybn+eNMJjKk2B0o2ZJ/67mRehwccHZLIHsiojaNbtr5YOlmmL0dhyBFrCAWxkFU8QyLbtdFbyM0uhnZCCsRXS+N8NO1mhuM; Expires=Thu, 10 Mar 2022 22:20:35 GMT; Path=/; SameSite=None; Secure". Invalid 'expires' attribute: Thu, 10 Mar 2022 22:20:35 GMT
]]></system-err>
  </testcase>
</testsuite>